0 info it worked if it ends with ok
1 verbose cli [ 'C:\\Program Files\\nodejs\\node.exe',
1 verbose cli   'C:\\Program Files\\nodejs\\node_modules\\npm\\bin\\npm-cli.js',
1 verbose cli   'install',
1 verbose cli   'ionic',
1 verbose cli   '--save',
1 verbose cli   'dev' ]
2 info using npm@3.10.8
3 info using node@v7.0.0
4 silly loadCurrentTree Starting
5 silly install loadCurrentTree
6 silly install readLocalPackageData
7 silly fetchPackageMetaData ionic
8 silly fetchPackageMetaData dev
9 silly fetchNamedPackageData ionic
10 silly mapToRegistry name ionic
11 silly mapToRegistry using default registry
12 silly mapToRegistry registry https://registry.npmjs.org/
13 silly mapToRegistry data Result {
13 silly mapToRegistry   raw: 'ionic',
13 silly mapToRegistry   scope: null,
13 silly mapToRegistry   escapedName: 'ionic',
13 silly mapToRegistry   name: 'ionic',
13 silly mapToRegistry   rawSpec: '',
13 silly mapToRegistry   spec: 'latest',
13 silly mapToRegistry   type: 'tag' }
14 silly mapToRegistry uri https://registry.npmjs.org/ionic
15 silly fetchNamedPackageData dev
16 silly mapToRegistry name dev
17 silly mapToRegistry using default registry
18 silly mapToRegistry registry https://registry.npmjs.org/
19 silly mapToRegistry data Result {
19 silly mapToRegistry   raw: 'dev',
19 silly mapToRegistry   scope: null,
19 silly mapToRegistry   escapedName: 'dev',
19 silly mapToRegistry   name: 'dev',
19 silly mapToRegistry   rawSpec: '',
19 silly mapToRegistry   spec: 'latest',
19 silly mapToRegistry   type: 'tag' }
20 silly mapToRegistry uri https://registry.npmjs.org/dev
21 verbose request uri https://registry.npmjs.org/ionic
22 verbose request no auth needed
23 info attempt registry request try #1 at 15:40:18
24 verbose request id 5a2c686a5221005d
25 verbose etag W/"596fbb77-1753d9"
26 verbose lastModified Wed, 19 Jul 2017 20:05:11 GMT
27 http request GET https://registry.npmjs.org/ionic
28 verbose request uri https://registry.npmjs.org/dev
29 verbose request no auth needed
30 info attempt registry request try #1 at 15:40:18
31 verbose etag W/"592e33d8-22da"
32 verbose lastModified Wed, 31 May 2017 03:09:12 GMT
33 http request GET https://registry.npmjs.org/dev
34 http 304 https://registry.npmjs.org/ionic
35 verbose headers { date: 'Thu, 20 Jul 2017 12:40:17 GMT',
35 verbose headers   via: '1.1 varnish',
35 verbose headers   'cache-control': 'max-age=300',
35 verbose headers   etag: 'W/"596fbb77-1753d9"',
35 verbose headers   age: '124',
35 verbose headers   connection: 'keep-alive',
35 verbose headers   'x-served-by': 'cache-hhn1535-HHN',
35 verbose headers   'x-cache': 'HIT',
35 verbose headers   'x-cache-hits': '3',
35 verbose headers   'x-timer': 'S1500554417.020666,VS0,VE0',
35 verbose headers   vary: 'Accept-Encoding, Accept' }
36 silly get cb [ 304,
36 silly get   { date: 'Thu, 20 Jul 2017 12:40:17 GMT',
36 silly get     via: '1.1 varnish',
36 silly get     'cache-control': 'max-age=300',
36 silly get     etag: 'W/"596fbb77-1753d9"',
36 silly get     age: '124',
36 silly get     connection: 'keep-alive',
36 silly get     'x-served-by': 'cache-hhn1535-HHN',
36 silly get     'x-cache': 'HIT',
36 silly get     'x-cache-hits': '3',
36 silly get     'x-timer': 'S1500554417.020666,VS0,VE0',
36 silly get     vary: 'Accept-Encoding, Accept' } ]
37 verbose etag https://registry.npmjs.org/ionic from cache
38 verbose get saving ionic to C:\Users\Peter\AppData\Roaming\npm-cache\registry.npmjs.org\ionic\.cache.json
39 verbose correctMkdir C:\Users\Peter\AppData\Roaming\npm-cache correctMkdir not in flight; initializing
40 http 200 https://registry.npmjs.org/dev
41 verbose headers { 'content-type': 'application/json',
41 verbose headers   server: 'nginx/1.10.1',
41 verbose headers   'last-modified': 'Sat, 15 Jul 2017 09:32:02 GMT',
41 verbose headers   etag: 'W/"5969e112-22f9"',
41 verbose headers   'content-encoding': 'gzip',
41 verbose headers   'cache-control': 'max-age=300',
41 verbose headers   'content-length': '1278',
41 verbose headers   'accept-ranges': 'bytes',
41 verbose headers   date: 'Thu, 20 Jul 2017 12:40:19 GMT',
41 verbose headers   via: '1.1 varnish',
41 verbose headers   age: '0',
41 verbose headers   connection: 'keep-alive',
41 verbose headers   'x-served-by': 'cache-hhn1537-HHN',
41 verbose headers   'x-cache': 'MISS',
41 verbose headers   'x-cache-hits': '0',
41 verbose headers   'x-timer': 'S1500554417.024524,VS0,VE2461',
41 verbose headers   vary: 'Accept-Encoding, Accept' }
42 silly get cb [ 200,
42 silly get   { 'content-type': 'application/json',
42 silly get     server: 'nginx/1.10.1',
42 silly get     'last-modified': 'Sat, 15 Jul 2017 09:32:02 GMT',
42 silly get     etag: 'W/"5969e112-22f9"',
42 silly get     'content-encoding': 'gzip',
42 silly get     'cache-control': 'max-age=300',
42 silly get     'content-length': '1278',
42 silly get     'accept-ranges': 'bytes',
42 silly get     date: 'Thu, 20 Jul 2017 12:40:19 GMT',
42 silly get     via: '1.1 varnish',
42 silly get     age: '0',
42 silly get     connection: 'keep-alive',
42 silly get     'x-served-by': 'cache-hhn1537-HHN',
42 silly get     'x-cache': 'MISS',
42 silly get     'x-cache-hits': '0',
42 silly get     'x-timer': 'S1500554417.024524,VS0,VE2461',
42 silly get     vary: 'Accept-Encoding, Accept' } ]
43 verbose get saving dev to C:\Users\Peter\AppData\Roaming\npm-cache\registry.npmjs.org\dev\.cache.json
44 verbose correctMkdir C:\Users\Peter\AppData\Roaming\npm-cache correctMkdir not in flight; initializing
45 silly install normalizeTree
46 silly loadCurrentTree Finishing
47 silly loadIdealTree Starting
48 silly install loadIdealTree
49 silly cloneCurrentTree Starting
50 silly install cloneCurrentTreeToIdealTree
51 silly cloneCurrentTree Finishing
52 silly loadShrinkwrap Starting
53 silly install loadShrinkwrap
54 silly loadShrinkwrap Finishing
55 silly loadAllDepsIntoIdealTree Starting
56 silly install loadAllDepsIntoIdealTree
57 silly resolveWithNewModule ionic@3.5.0 checking installable status
58 silly cache add args [ 'ionic', null ]
59 verbose cache add spec ionic
60 silly resolveWithNewModule dev@0.1.3 checking installable status
61 silly cache add args [ 'dev', null ]
62 verbose cache add spec dev
63 silly cache add parsed spec Result {
63 silly cache add   raw: 'ionic',
63 silly cache add   scope: null,
63 silly cache add   escapedName: 'ionic',
63 silly cache add   name: 'ionic',
63 silly cache add   rawSpec: '',
63 silly cache add   spec: 'latest',
63 silly cache add   type: 'tag' }
64 silly addNamed ionic@latest
65 verbose addNamed "latest" is being treated as a dist-tag for ionic
66 info addNameTag [ 'ionic', 'latest' ]
67 silly mapToRegistry name ionic
68 silly mapToRegistry using default registry
69 silly mapToRegistry registry https://registry.npmjs.org/
70 silly mapToRegistry data Result {
70 silly mapToRegistry   raw: 'ionic',
70 silly mapToRegistry   scope: null,
70 silly mapToRegistry   escapedName: 'ionic',
70 silly mapToRegistry   name: 'ionic',
70 silly mapToRegistry   rawSpec: '',
70 silly mapToRegistry   spec: 'latest',
70 silly mapToRegistry   type: 'tag' }
71 silly mapToRegistry uri https://registry.npmjs.org/ionic
72 verbose addNameTag registry:https://registry.npmjs.org/ionic not in flight; fetching
73 silly cache add parsed spec Result {
73 silly cache add   raw: 'dev',
73 silly cache add   scope: null,
73 silly cache add   escapedName: 'dev',
73 silly cache add   name: 'dev',
73 silly cache add   rawSpec: '',
73 silly cache add   spec: 'latest',
73 silly cache add   type: 'tag' }
74 silly addNamed dev@latest
75 verbose addNamed "latest" is being treated as a dist-tag for dev
76 info addNameTag [ 'dev', 'latest' ]
77 silly mapToRegistry name dev
78 silly mapToRegistry using default registry
79 silly mapToRegistry registry https://registry.npmjs.org/
80 silly mapToRegistry data Result {
80 silly mapToRegistry   raw: 'dev',
80 silly mapToRegistry   scope: null,
80 silly mapToRegistry   escapedName: 'dev',
80 silly mapToRegistry   name: 'dev',
80 silly mapToRegistry   rawSpec: '',
80 silly mapToRegistry   spec: 'latest',
80 silly mapToRegistry   type: 'tag' }
81 silly mapToRegistry uri https://registry.npmjs.org/dev
82 verbose addNameTag registry:https://registry.npmjs.org/dev not in flight; fetching
83 verbose get https://registry.npmjs.org/dev not expired, no request
84 silly addNameTag next cb for dev with tag latest
85 silly addNamed dev@0.1.3
86 verbose addNamed "0.1.3" is a plain semver version for dev
87 verbose get https://registry.npmjs.org/ionic not expired, no request
88 silly addNameTag next cb for ionic with tag latest
89 silly addNamed ionic@3.5.0
90 verbose addNamed "3.5.0" is a plain semver version for ionic
91 silly cache afterAdd dev@0.1.3
92 verbose afterAdd C:\Users\Peter\AppData\Roaming\npm-cache\dev\0.1.3\package\package.json not in flight; writing
93 verbose correctMkdir C:\Users\Peter\AppData\Roaming\npm-cache correctMkdir not in flight; initializing
94 silly cache afterAdd ionic@3.5.0
95 verbose afterAdd C:\Users\Peter\AppData\Roaming\npm-cache\ionic\3.5.0\package\package.json not in flight; writing
96 verbose correctMkdir C:\Users\Peter\AppData\Roaming\npm-cache correctMkdir not in flight; initializing
97 verbose afterAdd C:\Users\Peter\AppData\Roaming\npm-cache\dev\0.1.3\package\package.json written
98 verbose afterAdd C:\Users\Peter\AppData\Roaming\npm-cache\ionic\3.5.0\package\package.json written
99 silly fetchNamedPackageData inotify
100 silly mapToRegistry name inotify
101 silly mapToRegistry using default registry
102 silly mapToRegistry registry https://registry.npmjs.org/
103 silly mapToRegistry data Result {
103 silly mapToRegistry   raw: 'inotify',
103 silly mapToRegistry   scope: null,
103 silly mapToRegistry   escapedName: 'inotify',
103 silly mapToRegistry   name: 'inotify',
103 silly mapToRegistry   rawSpec: '',
103 silly mapToRegistry   spec: 'latest',
103 silly mapToRegistry   type: 'tag' }
104 silly mapToRegistry uri https://registry.npmjs.org/inotify
105 verbose request uri https://registry.npmjs.org/inotify
106 verbose request no auth needed
107 info attempt registry request try #1 at 15:40:21
108 verbose etag W/"58e14fc4-721f"
109 verbose lastModified Sun, 02 Apr 2017 19:23:48 GMT
110 http request GET https://registry.npmjs.org/inotify
111 http 304 https://registry.npmjs.org/inotify
112 verbose headers { date: 'Thu, 20 Jul 2017 12:40:19 GMT',
112 verbose headers   via: '1.1 varnish',
112 verbose headers   'cache-control': 'max-age=300',
112 verbose headers   etag: 'W/"58e14fc4-721f"',
112 verbose headers   age: '0',
112 verbose headers   connection: 'keep-alive',
112 verbose headers   'x-served-by': 'cache-hhn1535-HHN',
112 verbose headers   'x-cache': 'HIT',
112 verbose headers   'x-cache-hits': '1',
112 verbose headers   'x-timer': 'S1500554420.977053,VS0,VE1314',
112 verbose headers   vary: 'Accept-Encoding, Accept' }
113 silly get cb [ 304,
113 silly get   { date: 'Thu, 20 Jul 2017 12:40:19 GMT',
113 silly get     via: '1.1 varnish',
113 silly get     'cache-control': 'max-age=300',
113 silly get     etag: 'W/"58e14fc4-721f"',
113 silly get     age: '0',
113 silly get     connection: 'keep-alive',
113 silly get     'x-served-by': 'cache-hhn1535-HHN',
113 silly get     'x-cache': 'HIT',
113 silly get     'x-cache-hits': '1',
113 silly get     'x-timer': 'S1500554420.977053,VS0,VE1314',
113 silly get     vary: 'Accept-Encoding, Accept' } ]
114 verbose etag https://registry.npmjs.org/inotify from cache
115 verbose get saving inotify to C:\Users\Peter\AppData\Roaming\npm-cache\registry.npmjs.org\inotify\.cache.json
116 verbose correctMkdir C:\Users\Peter\AppData\Roaming\npm-cache correctMkdir not in flight; initializing
117 silly resolveWithNewModule inotify@1.4.1 checking installable status
118 silly rollbackFailedOptional Starting
119 silly rollbackFailedOptional Finishing
120 silly runTopLevelLifecycles Finishing
121 silly install printInstalled
122 verbose stack Error: Unsupported platform for inotify@1.4.1: wanted {"name":"inotify","version":"1.4.1","author":{"name":"Camilo Aguilar","email":"camilo.aguilar@gmail.com"},"email":"camilo.aguilar@gmail.com","keywords":["inotify","watch","monitor","watch files","watch directories"],"license":"MIT","description":"inotify bindings for v8 javascript engine","repository":{"type":"git","url":"git+ssh://git@github.com/c4milo/node-inotify.git"},"os":["linux"],"engines":{"node":">=0.8"},"main":"inotify","dependencies":{"bindings":"^1.2.1","nan":"^2.3.3"},"scripts":{"test":"node-gyp configure build","install":"node-gyp rebuild"},"gypfile":true,"contributors":[{"name":"Adrian Estrada","email":"edsadr@gmail.com"},{"name":"Alexander Makarenko","email":"estliberitas@gmail.com"},{"name":"Brian Ingalls","email":"bingalls@compete.com"},{"name":"Brian White","email":"mscdex@mscdex.net"},{"name":"Camilo Aguilar","email":"camilo.aguilar@gmail.com"},{"name":"Dan VerWeire","email":"dverweire@gmail.com"},{"name":"FrozenCow","email":"frozencow@gmail.com"},{"name":"Michael Boe","email":"mschuylerb@gmail.com"},{"name":"Yannick Croissant","email":"k1der.country@free.fr"},{"name":"ikokostya","email":"ikokostya@gmail.com"}],"gitHead":"c1416dfada3ca4f3fb40e65eededc52461822ec5","bugs":{"url":"https://github.com/c4milo/node-inotify/issues"},"homepage":"https://github.com/c4milo/node-inotify#readme","_id":"inotify@1.4.1","_shasum":"8abdeb7ee9cbc291542a252df00d848b2a8f9287","_from":"inotify@>= 0.1.6","_npmVersion":"3.8.6","_nodeVersion":"5.11.0","_npmUser":{"name":"c4milo","email":"camilo.aguilar@gmail.com"},"maintainers":[{"name":"camilo","email":"camilo@cloudescape.com"},{"name":"c4milo","email":"camilo.aguilar@gmail.com"}],"dist":{"shasum":"8abdeb7ee9cbc291542a252df00d848b2a8f9287","tarball":"https://registry.npmjs.org/inotify/-/inotify-1.4.1.tgz"},"_npmOperationalInternal":{"host":"packages-16-east.internal.npmjs.com","tmp":"tmp/inotify-1.4.1.tgz_1462444544613_0.7660284182056785"},"directories":{},"_resolved":"https://registry.npmjs.org/inotify/-/inotify-1.4.1.tgz","_requested":{"raw":"inotify@>= 0.1.6","scope":null,"escapedName":"inotify","name":"inotify","rawSpec":">= 0.1.6","spec":">=0.1.6","type":"range"},"_spec":"inotify@>= 0.1.6","_where":"C:\\Users\\Peter\\Desktop\\ionic2\\node_modules\\dev","_args":[[{"raw":"inotify@>= 0.1.6","scope":null,"escapedName":"inotify","name":"inotify","rawSpec":">= 0.1.6","spec":">=0.1.6","type":"range"},"C:\\Users\\Peter\\Desktop\\ionic2\\node_modules\\dev"]],"readme":"ERROR: No README data found!"} (current: {"os":"win32","cpu":"x64"})
122 verbose stack     at checkPlatform (C:\Program Files\nodejs\node_modules\npm\node_modules\npm-install-checks\index.js:45:14)
122 verbose stack     at thenWarnEngineIssues (C:\Program Files\nodejs\node_modules\npm\lib\install\validate-args.js:41:5)
122 verbose stack     at C:\Program Files\nodejs\node_modules\npm\node_modules\iferr\index.js:13:50
122 verbose stack     at checkEngine (C:\Program Files\nodejs\node_modules\npm\node_modules\npm-install-checks\index.js:24:10)
122 verbose stack     at module.exports.isInstallable (C:\Program Files\nodejs\node_modules\npm\lib\install\validate-args.js:38:3)
122 verbose stack     at resolveWithNewModule (C:\Program Files\nodejs\node_modules\npm\lib\install\deps.js:494:10)
122 verbose stack     at C:\Program Files\nodejs\node_modules\npm\lib\install\deps.js:437:9
122 verbose stack     at C:\Program Files\nodejs\node_modules\npm\node_modules\iferr\index.js:13:50
122 verbose stack     at C:\Program Files\nodejs\node_modules\npm\lib\fetch-package-metadata.js:37:12
122 verbose stack     at addRequestedAndFinish (C:\Program Files\nodejs\node_modules\npm\lib\fetch-package-metadata.js:67:5)
123 verbose pkgid inotify@1.4.1
124 verbose cwd C:\Users\Peter\Desktop\ionic2
125 error Windows_NT 6.1.7601
126 error argv "C:\\Program Files\\nodejs\\node.exe" "C:\\Program Files\\nodejs\\node_modules\\npm\\bin\\npm-cli.js" "install" "ionic" "--save" "dev"
127 error node v7.0.0
128 error npm  v3.10.8
129 error code EBADPLATFORM
130 error notsup Unsupported platform for inotify@1.4.1: wanted {"os":"linux","arch":"any"} (current: {"os":"win32","arch":"x64"})
131 error notsup Valid OS:    linux
131 error notsup Valid Arch:  any
131 error notsup Actual OS:   win32
131 error notsup Actual Arch: x64
132 verbose exit [ 1, true ]
